<?xml version="1.0" encoding="UTF-8"?>
<!-- Generated by org.testng.reporters.JUnitReportReporter -->
<testsuite hostname="DESKTOP-0M0A5K6" failures="0" tests="1" name="config.Startbrowser" time="0.017" errors="0" timestamp="19 Aug 2019 07:56:32 GMT" skipped="0">
  <testcase classname="config.Startbrowser" name="f" time="0.017"/>
</testsuite> <!-- config.Startbrowser -->
