<?xml version="1.0" encoding="UTF-8"?>
<!-- Generated by org.testng.reporters.JUnitReportReporter -->
<testsuite hostname="DESKTOP-0M0A5K6" failures="0" tests="1" name="testpackages.Orangehrm" time="0.031" errors="0" timestamp="13 Jul 2019 06:34:35 GMT" skipped="0">
  <testcase classname="testpackages.Orangehrm" name="verifycreditals" time="0.031"/>
</testsuite> <!-- testpackages.Orangehrm -->
