<?xml version="1.0" encoding="UTF-8"?>
<!-- Generated by org.testng.reporters.JUnitReportReporter -->
<testsuite hostname="DESKTOP-0M0A5K6" failures="0" tests="1" name="testpackages.Alert" time="10.820" errors="0" timestamp="22 Jul 2019 11:27:41 GMT" skipped="0">
  <testcase classname="testpackages.Alert" name="google" time="10.820"/>
</testsuite> <!-- testpackages.Alert -->
