<?xml version="1.0" encoding="UTF-8"?>
<!-- Generated by org.testng.reporters.JUnitReportReporter -->
<testsuite hostname="DESKTOP-0M0A5K6" failures="0" tests="2" name="testpackages.Orangehrm2" time="3.189" errors="0" timestamp="24 Oct 2019 07:22:28 GMT" skipped="0">
  <testcase classname="testpackages.Orangehrm2" name="Orangehrm" time="2.406"/>
  <testcase classname="testpackages.Orangehrm2" name="loginpage" time="0.783"/>
</testsuite> <!-- testpackages.Orangehrm2 -->
